[0322/162558.403:ERROR:crash_report_database_win.cc(469)] failed to stat report
[0322/162558.404:ERROR:crash_report_database_win.cc(469)] failed to stat report
[0322/162558.404:ERROR:crash_report_database_win.cc(469)] failed to stat report
[0322/162558.404:ERROR:crash_report_database_win.cc(469)] failed to stat report
[0326/114123.514:ERROR:crash_report_database_win.cc(469)] failed to stat report
[0326/114123.514:ERROR:crash_report_database_win.cc(469)] failed to stat report
[0326/114123.514:ERROR:crash_report_database_win.cc(469)] failed to stat report
[0326/114123.514:ERROR:crash_report_database_win.cc(469)] failed to stat report
[0329/011832.541:ERROR:crash_report_database_win.cc(469)] failed to stat report
[0329/011832.541:ERROR:crash_report_database_win.cc(469)] failed to stat report
[0329/011832.541:ERROR:crash_report_database_win.cc(469)] failed to stat report
[0329/011832.541:ERROR:crash_report_database_win.cc(469)] failed to stat report
[0402/235112.532:ERROR:crash_report_database_win.cc(469)] failed to stat report
[0402/235112.546:ERROR:crash_report_database_win.cc(469)] failed to stat report
[0402/235112.546:ERROR:crash_report_database_win.cc(469)] failed to stat report
[0402/235112.546:ERROR:crash_report_database_win.cc(469)] failed to stat report
[0404/104207.231:ERROR:crash_report_database_win.cc(469)] failed to stat report
[0404/104207.231:ERROR:crash_report_database_win.cc(469)] failed to stat report
[0404/104207.231:ERROR:crash_report_database_win.cc(469)] failed to stat report
[0404/104207.231:ERROR:crash_report_database_win.cc(469)] failed to stat report
[0405/013238.608:ERROR:crash_report_database_win.cc(469)] failed to stat report
[0405/013238.609:ERROR:crash_report_database_win.cc(469)] failed to stat report
[0405/013238.609:ERROR:crash_report_database_win.cc(469)] failed to stat report
[0405/013238.609:ERROR:crash_report_database_win.cc(469)] failed to stat report
[0406/221836.268:ERROR:crash_report_database_win.cc(469)] failed to stat report
[0406/221836.292:ERROR:crash_report_database_win.cc(469)] failed to stat report
[0406/221836.292:ERROR:crash_report_database_win.cc(469)] failed to stat report
[0406/221836.292:ERROR:crash_report_database_win.cc(469)] failed to stat report
[0407/164122.831:ERROR:crash_report_database_win.cc(469)] failed to stat report
[0407/164122.832:ERROR:crash_report_database_win.cc(469)] failed to stat report
[0407/164122.832:ERROR:crash_report_database_win.cc(469)] failed to stat report
[0407/164122.832:ERROR:crash_report_database_win.cc(469)] failed to stat report
[0409/004134.797:ERROR:crash_report_database_win.cc(469)] failed to stat report
[0409/004134.839:ERROR:crash_report_database_win.cc(469)] failed to stat report
[0409/004134.839:ERROR:crash_report_database_win.cc(469)] failed to stat report
[0409/004134.839:ERROR:crash_report_database_win.cc(469)] failed to stat report
[0411/044528.162:ERROR:crash_report_database_win.cc(469)] failed to stat report
[0411/044528.162:ERROR:crash_report_database_win.cc(469)] failed to stat report
[0411/044528.162:ERROR:crash_report_database_win.cc(469)] failed to stat report
[0411/044528.163:ERROR:crash_report_database_win.cc(469)] failed to stat report
[0413/164654.782:ERROR:crash_report_database_win.cc(469)] failed to stat report
[0413/164654.782:ERROR:crash_report_database_win.cc(469)] failed to stat report
[0413/164654.782:ERROR:crash_report_database_win.cc(469)] failed to stat report
[0413/164654.782:ERROR:crash_report_database_win.cc(469)] failed to stat report
[0417/220426.322:ERROR:crash_report_database_win.cc(469)] failed to stat report
[0417/220426.450:ERROR:crash_report_database_win.cc(469)] failed to stat report
[0417/220426.450:ERROR:crash_report_database_win.cc(469)] failed to stat report
[0417/220426.450:ERROR:crash_report_database_win.cc(469)] failed to stat report
[0419/205148.348:ERROR:crash_report_database_win.cc(469)] failed to stat report
[0419/205148.388:ERROR:crash_report_database_win.cc(469)] failed to stat report
[0419/205148.388:ERROR:crash_report_database_win.cc(469)] failed to stat report
[0419/205148.388:ERROR:crash_report_database_win.cc(469)] failed to stat report
[0420/152133.270:ERROR:crash_report_database_win.cc(469)] failed to stat report
[0420/152133.286:ERROR:crash_report_database_win.cc(469)] failed to stat report
[0420/152133.286:ERROR:crash_report_database_win.cc(469)] failed to stat report
[0420/152133.286:ERROR:crash_report_database_win.cc(469)] failed to stat report
[0421/010251.465:ERROR:crash_report_database_win.cc(469)] failed to stat report
[0421/010251.465:ERROR:crash_report_database_win.cc(469)] failed to stat report
[0421/010251.465:ERROR:crash_report_database_win.cc(469)] failed to stat report
[0421/010251.465:ERROR:crash_report_database_win.cc(469)] failed to stat report
[0424/194650.857:ERROR:crash_report_database_win.cc(469)] failed to stat report
[0424/194650.876:ERROR:crash_report_database_win.cc(469)] failed to stat report
[0424/194650.876:ERROR:crash_report_database_win.cc(469)] failed to stat report
[0424/194650.876:ERROR:crash_report_database_win.cc(469)] failed to stat report
[0427/021757.263:ERROR:crash_report_database_win.cc(469)] failed to stat report
[0427/021757.263:ERROR:crash_report_database_win.cc(469)] failed to stat report
[0427/021757.263:ERROR:crash_report_database_win.cc(469)] failed to stat report
[0427/021757.263:ERROR:crash_report_database_win.cc(469)] failed to stat report
[0428/171730.810:ERROR:crash_report_database_win.cc(469)] failed to stat report
[0428/171730.839:ERROR:crash_report_database_win.cc(469)] failed to stat report
[0428/171730.840:ERROR:crash_report_database_win.cc(469)] failed to stat report
[0428/171730.840:ERROR:crash_report_database_win.cc(469)] failed to stat report
[0501/180540.165:ERROR:crash_report_database_win.cc(469)] failed to stat report
[0501/180540.182:ERROR:crash_report_database_win.cc(469)] failed to stat report
[0501/180540.182:ERROR:crash_report_database_win.cc(469)] failed to stat report
[0501/180540.182:ERROR:crash_report_database_win.cc(469)] failed to stat report
[0503/231838.651:ERROR:crash_report_database_win.cc(469)] failed to stat report
[0503/231838.651:ERROR:crash_report_database_win.cc(469)] failed to stat report
[0503/231838.651:ERROR:crash_report_database_win.cc(469)] failed to stat report
[0503/231838.651:ERROR:crash_report_database_win.cc(469)] failed to stat report
[0505/215812.300:ERROR:crash_report_database_win.cc(469)] failed to stat report
[0505/215812.341:ERROR:crash_report_database_win.cc(469)] failed to stat report
[0505/215812.342:ERROR:crash_report_database_win.cc(469)] failed to stat report
[0505/215812.342:ERROR:crash_report_database_win.cc(469)] failed to stat report
[0507/001811.729:ERROR:crash_report_database_win.cc(469)] failed to stat report
[0507/001811.729:ERROR:crash_report_database_win.cc(469)] failed to stat report
[0507/001811.729:ERROR:crash_report_database_win.cc(469)] failed to stat report
[0507/001811.729:ERROR:crash_report_database_win.cc(469)] failed to stat report
[0507/180158.022:ERROR:crash_report_database_win.cc(469)] failed to stat report
[0507/180158.078:ERROR:crash_report_database_win.cc(469)] failed to stat report
[0507/180158.078:ERROR:crash_report_database_win.cc(469)] failed to stat report
[0507/180158.078:ERROR:crash_report_database_win.cc(469)] failed to stat report
[0507/200342.618:ERROR:crash_report_database_win.cc(469)] failed to stat report
[0507/200342.618:ERROR:crash_report_database_win.cc(469)] failed to stat report
[0507/200342.618:ERROR:crash_report_database_win.cc(469)] failed to stat report
[0507/200342.619:ERROR:crash_report_database_win.cc(469)] failed to stat report
[0507/202600.468:ERROR:crash_report_database_win.cc(469)] failed to stat report
[0507/202600.468:ERROR:crash_report_database_win.cc(469)] failed to stat report
[0507/202600.469:ERROR:crash_report_database_win.cc(469)] failed to stat report
[0507/202600.469:ERROR:crash_report_database_win.cc(469)] failed to stat report
[0508/023212.623:ERROR:crash_report_database_win.cc(469)] failed to stat report
[0508/023212.623:ERROR:crash_report_database_win.cc(469)] failed to stat report
[0508/023212.623:ERROR:crash_report_database_win.cc(469)] failed to stat report
[0508/023212.623:ERROR:crash_report_database_win.cc(469)] failed to stat report
[0510/145151.008:ERROR:crash_report_database_win.cc(469)] failed to stat report
[0510/145151.009:ERROR:crash_report_database_win.cc(469)] failed to stat report
[0510/145151.009:ERROR:crash_report_database_win.cc(469)] failed to stat report
[0510/145151.009:ERROR:crash_report_database_win.cc(469)] failed to stat report
[0511/102014.285:ERROR:crash_report_database_win.cc(469)] failed to stat report
[0511/102014.286:ERROR:crash_report_database_win.cc(469)] failed to stat report
[0511/102014.286:ERROR:crash_report_database_win.cc(469)] failed to stat report
[0511/102014.286:ERROR:crash_report_database_win.cc(469)] failed to stat report
[0513/145433.533:ERROR:crash_report_database_win.cc(469)] failed to stat report
[0513/145433.533:ERROR:crash_report_database_win.cc(469)] failed to stat report
[0513/145433.533:ERROR:crash_report_database_win.cc(469)] failed to stat report
[0513/145433.533:ERROR:crash_report_database_win.cc(469)] failed to stat report
[0513/153755.493:ERROR:crash_report_database_win.cc(469)] failed to stat report
[0513/153755.493:ERROR:crash_report_database_win.cc(469)] failed to stat report
[0513/153755.493:ERROR:crash_report_database_win.cc(469)] failed to stat report
[0513/153755.493:ERROR:crash_report_database_win.cc(469)] failed to stat report
[0513/162754.129:ERROR:crash_report_database_win.cc(469)] failed to stat report
[0513/162754.130:ERROR:crash_report_database_win.cc(469)] failed to stat report
[0513/162754.130:ERROR:crash_report_database_win.cc(469)] failed to stat report
[0513/162754.130:ERROR:crash_report_database_win.cc(469)] failed to stat report
[0513/163344.149:ERROR:crash_report_database_win.cc(469)] failed to stat report
[0513/163344.149:ERROR:crash_report_database_win.cc(469)] failed to stat report
[0513/163344.149:ERROR:crash_report_database_win.cc(469)] failed to stat report
[0513/163344.150:ERROR:crash_report_database_win.cc(469)] failed to stat report
[0513/165218.974:ERROR:crash_report_database_win.cc(469)] failed to stat report
[0513/165218.975:ERROR:crash_report_database_win.cc(469)] failed to stat report
[0513/165218.975:ERROR:crash_report_database_win.cc(469)] failed to stat report
[0513/165218.975:ERROR:crash_report_database_win.cc(469)] failed to stat report
[0513/172900.819:ERROR:crash_report_database_win.cc(469)] failed to stat report
[0513/172900.819:ERROR:crash_report_database_win.cc(469)] failed to stat report
[0513/172900.819:ERROR:crash_report_database_win.cc(469)] failed to stat report
[0513/172900.819:ERROR:crash_report_database_win.cc(469)] failed to stat report
[0514/012755.482:ERROR:crash_report_database_win.cc(469)] failed to stat report
[0514/012755.482:ERROR:crash_report_database_win.cc(469)] failed to stat report
[0514/012755.482:ERROR:crash_report_database_win.cc(469)] failed to stat report
[0514/012755.482:ERROR:crash_report_database_win.cc(469)] failed to stat report
[0514/143526.465:ERROR:crash_report_database_win.cc(469)] failed to stat report
[0514/143526.465:ERROR:crash_report_database_win.cc(469)] failed to stat report
[0514/143526.465:ERROR:crash_report_database_win.cc(469)] failed to stat report
[0514/143526.466:ERROR:crash_report_database_win.cc(469)] failed to stat report
[0515/172155.301:ERROR:crash_report_database_win.cc(469)] failed to stat report
[0515/172155.301:ERROR:crash_report_database_win.cc(469)] failed to stat report
[0515/172155.301:ERROR:crash_report_database_win.cc(469)] failed to stat report
[0515/172155.301:ERROR:crash_report_database_win.cc(469)] failed to stat report
[0516/171435.322:ERROR:crash_report_database_win.cc(469)] failed to stat report
[0516/171435.353:ERROR:crash_report_database_win.cc(469)] failed to stat report
[0516/171435.353:ERROR:crash_report_database_win.cc(469)] failed to stat report
[0516/171435.353:ERROR:crash_report_database_win.cc(469)] failed to stat report
[0517/235809.192:ERROR:crash_report_database_win.cc(469)] failed to stat report
[0517/235809.192:ERROR:crash_report_database_win.cc(469)] failed to stat report
[0517/235809.192:ERROR:crash_report_database_win.cc(469)] failed to stat report
[0517/235809.192:ERROR:crash_report_database_win.cc(469)] failed to stat report
[0518/142950.510:ERROR:crash_report_database_win.cc(469)] failed to stat report
[0518/142950.539:ERROR:crash_report_database_win.cc(469)] failed to stat report
[0518/142950.539:ERROR:crash_report_database_win.cc(469)] failed to stat report
[0518/142950.539:ERROR:crash_report_database_win.cc(469)] failed to stat report
[0518/170519.233:ERROR:crash_report_database_win.cc(469)] failed to stat report
[0518/170519.234:ERROR:crash_report_database_win.cc(469)] failed to stat report
[0518/170519.234:ERROR:crash_report_database_win.cc(469)] failed to stat report
[0518/170519.234:ERROR:crash_report_database_win.cc(469)] failed to stat report
[0518/214455.011:ERROR:crash_report_database_win.cc(469)] failed to stat report
[0518/214455.022:ERROR:crash_report_database_win.cc(469)] failed to stat report
[0518/214455.023:ERROR:crash_report_database_win.cc(469)] failed to stat report
[0518/214455.023:ERROR:crash_report_database_win.cc(469)] failed to stat report
[0519/233034.832:ERROR:crash_report_database_win.cc(469)] failed to stat report
[0519/233034.870:ERROR:crash_report_database_win.cc(469)] failed to stat report
[0519/233034.870:ERROR:crash_report_database_win.cc(469)] failed to stat report
[0519/233034.870:ERROR:crash_report_database_win.cc(469)] failed to stat report
[0520/112647.786:ERROR:crash_report_database_win.cc(469)] failed to stat report
[0520/112647.786:ERROR:crash_report_database_win.cc(469)] failed to stat report
[0520/112647.786:ERROR:crash_report_database_win.cc(469)] failed to stat report
[0520/112647.786:ERROR:crash_report_database_win.cc(469)] failed to stat report
[0520/131704.836:ERROR:crash_report_database_win.cc(469)] failed to stat report
[0520/131704.837:ERROR:crash_report_database_win.cc(469)] failed to stat report
[0520/131704.837:ERROR:crash_report_database_win.cc(469)] failed to stat report
[0520/131704.837:ERROR:crash_report_database_win.cc(469)] failed to stat report
[0520/135925.461:ERROR:crash_report_database_win.cc(469)] failed to stat report
[0520/135925.461:ERROR:crash_report_database_win.cc(469)] failed to stat report
[0520/135925.461:ERROR:crash_report_database_win.cc(469)] failed to stat report
[0520/135925.461:ERROR:crash_report_database_win.cc(469)] failed to stat report
[0520/143718.006:ERROR:crash_report_database_win.cc(469)] failed to stat report
[0520/143718.007:ERROR:crash_report_database_win.cc(469)] failed to stat report
[0520/143718.007:ERROR:crash_report_database_win.cc(469)] failed to stat report
[0520/143718.007:ERROR:crash_report_database_win.cc(469)] failed to stat report
[0521/161308.671:ERROR:crash_report_database_win.cc(469)] failed to stat report
[0521/161308.696:ERROR:crash_report_database_win.cc(469)] failed to stat report
[0521/161308.696:ERROR:crash_report_database_win.cc(469)] failed to stat report
[0521/161308.696:ERROR:crash_report_database_win.cc(469)] failed to stat report
[0522/003810.296:ERROR:crash_report_database_win.cc(469)] failed to stat report
[0522/003810.296:ERROR:crash_report_database_win.cc(469)] failed to stat report
[0522/003810.296:ERROR:crash_report_database_win.cc(469)] failed to stat report
[0522/003810.296:ERROR:crash_report_database_win.cc(469)] failed to stat report
[0523/033953.328:ERROR:crash_report_database_win.cc(469)] failed to stat report
[0523/033953.363:ERROR:crash_report_database_win.cc(469)] failed to stat report
[0523/033953.363:ERROR:crash_report_database_win.cc(469)] failed to stat report
[0523/033953.363:ERROR:crash_report_database_win.cc(469)] failed to stat report
[0524/203607.344:ERROR:crash_report_database_win.cc(469)] failed to stat report
[0524/203607.344:ERROR:crash_report_database_win.cc(469)] failed to stat report
[0524/203607.344:ERROR:crash_report_database_win.cc(469)] failed to stat report
[0524/203607.344:ERROR:crash_report_database_win.cc(469)] failed to stat report
[0526/183949.777:ERROR:crash_report_database_win.cc(469)] failed to stat report
[0526/183949.811:ERROR:crash_report_database_win.cc(469)] failed to stat report
[0526/183949.812:ERROR:crash_report_database_win.cc(469)] failed to stat report
[0526/183949.812:ERROR:crash_report_database_win.cc(469)] failed to stat report
[0527/134742.440:ERROR:crash_report_database_win.cc(469)] failed to stat report
[0527/134742.477:ERROR:crash_report_database_win.cc(469)] failed to stat report
[0527/134742.477:ERROR:crash_report_database_win.cc(469)] failed to stat report
[0527/134742.477:ERROR:crash_report_database_win.cc(469)] failed to stat report
[0529/160425.322:ERROR:crash_report_database_win.cc(469)] failed to stat report
[0529/160425.333:ERROR:crash_report_database_win.cc(469)] failed to stat report
[0529/160425.333:ERROR:crash_report_database_win.cc(469)] failed to stat report
[0529/160425.333:ERROR:crash_report_database_win.cc(469)] failed to stat report
<<<<<<< Updated upstream
=======
[0601/150505.217:ERROR:crash_report_database_win.cc(469)] failed to stat report
[0601/150505.308:ERROR:crash_report_database_win.cc(469)] failed to stat report
[0601/150505.308:ERROR:crash_report_database_win.cc(469)] failed to stat report
[0601/150505.308:ERROR:crash_report_database_win.cc(469)] failed to stat report
[0602/165828.128:ERROR:crash_report_database_win.cc(469)] failed to stat report
[0602/165828.148:ERROR:crash_report_database_win.cc(469)] failed to stat report
[0602/165828.148:ERROR:crash_report_database_win.cc(469)] failed to stat report
[0602/165828.148:ERROR:crash_report_database_win.cc(469)] failed to stat report
[0602/194644.980:ERROR:crash_report_database_win.cc(469)] failed to stat report
[0602/194644.981:ERROR:crash_report_database_win.cc(469)] failed to stat report
[0602/194644.981:ERROR:crash_report_database_win.cc(469)] failed to stat report
[0602/194644.982:ERROR:crash_report_database_win.cc(469)] failed to stat report
[0604/134254.682:ERROR:crash_report_database_win.cc(469)] failed to stat report
[0604/134254.699:ERROR:crash_report_database_win.cc(469)] failed to stat report
[0604/134254.699:ERROR:crash_report_database_win.cc(469)] failed to stat report
[0604/134254.699:ERROR:crash_report_database_win.cc(469)] failed to stat report
[0604/171959.851:ERROR:crash_report_database_win.cc(469)] failed to stat report
[0604/171959.852:ERROR:crash_report_database_win.cc(469)] failed to stat report
[0604/171959.852:ERROR:crash_report_database_win.cc(469)] failed to stat report
[0604/171959.852:ERROR:crash_report_database_win.cc(469)] failed to stat report
[0605/183226.040:ERROR:crash_report_database_win.cc(469)] failed to stat report
[0605/183226.046:ERROR:crash_report_database_win.cc(469)] failed to stat report
[0605/183226.046:ERROR:crash_report_database_win.cc(469)] failed to stat report
[0605/183226.046:ERROR:crash_report_database_win.cc(469)] failed to stat report
[0606/202703.842:ERROR:crash_report_database_win.cc(469)] failed to stat report
[0606/202703.895:ERROR:crash_report_database_win.cc(469)] failed to stat report
[0606/202703.895:ERROR:crash_report_database_win.cc(469)] failed to stat report
[0606/202703.895:ERROR:crash_report_database_win.cc(469)] failed to stat report
[0607/155532.648:ERROR:crash_report_database_win.cc(469)] failed to stat report
[0607/155532.649:ERROR:crash_report_database_win.cc(469)] failed to stat report
[0607/155532.649:ERROR:crash_report_database_win.cc(469)] failed to stat report
[0607/155532.649:ERROR:crash_report_database_win.cc(469)] failed to stat report
[0607/210925.701:ERROR:crash_report_database_win.cc(469)] failed to stat report
[0607/210925.724:ERROR:crash_report_database_win.cc(469)] failed to stat report
[0607/210925.724:ERROR:crash_report_database_win.cc(469)] failed to stat report
[0607/210925.724:ERROR:crash_report_database_win.cc(469)] failed to stat report
[0608/122704.568:ERROR:crash_report_database_win.cc(469)] failed to stat report
[0608/122704.569:ERROR:crash_report_database_win.cc(469)] failed to stat report
[0608/122704.569:ERROR:crash_report_database_win.cc(469)] failed to stat report
[0608/122704.569:ERROR:crash_report_database_win.cc(469)] failed to stat report
[0608/155606.812:ERROR:crash_report_database_win.cc(469)] failed to stat report
[0608/155606.813:ERROR:crash_report_database_win.cc(469)] failed to stat report
[0608/155606.813:ERROR:crash_report_database_win.cc(469)] failed to stat report
[0608/155606.814:ERROR:crash_report_database_win.cc(469)] failed to stat report
[0611/124537.337:ERROR:crash_report_database_win.cc(469)] failed to stat report
[0611/124537.468:ERROR:crash_report_database_win.cc(469)] failed to stat report
[0611/124537.468:ERROR:crash_report_database_win.cc(469)] failed to stat report
[0611/124537.468:ERROR:crash_report_database_win.cc(469)] failed to stat report
[0611/124537.469:ERROR:crash_report_database_win.cc(469)] failed to stat report
[0611/175002.989:ERROR:crash_report_database_win.cc(469)] failed to stat report
[0611/175002.990:ERROR:crash_report_database_win.cc(469)] failed to stat report
[0611/175002.990:ERROR:crash_report_database_win.cc(469)] failed to stat report
[0611/175002.991:ERROR:crash_report_database_win.cc(469)] failed to stat report
[0611/175002.991:ERROR:crash_report_database_win.cc(469)] failed to stat report
[0611/192652.106:ERROR:crash_report_database_win.cc(469)] failed to stat report
[0611/192652.107:ERROR:crash_report_database_win.cc(469)] failed to stat report
[0611/192652.107:ERROR:crash_report_database_win.cc(469)] failed to stat report
[0611/192652.107:ERROR:crash_report_database_win.cc(469)] failed to stat report
[0611/192652.107:ERROR:crash_report_database_win.cc(469)] failed to stat report
[0612/004342.637:ERROR:crash_report_database_win.cc(469)] failed to stat report
[0612/004342.647:ERROR:crash_report_database_win.cc(469)] failed to stat report
[0612/004342.647:ERROR:crash_report_database_win.cc(469)] failed to stat report
[0612/004342.648:ERROR:crash_report_database_win.cc(469)] failed to stat report
[0612/004342.648:ERROR:crash_report_database_win.cc(469)] failed to stat report
[0614/014706.468:ERROR:crash_report_database_win.cc(469)] failed to stat report
[0614/014706.550:ERROR:crash_report_database_win.cc(469)] failed to stat report
[0614/014706.550:ERROR:crash_report_database_win.cc(469)] failed to stat report
[0614/014706.550:ERROR:crash_report_database_win.cc(469)] failed to stat report
[0614/014706.550:ERROR:crash_report_database_win.cc(469)] failed to stat report
[0614/140454.005:ERROR:crash_report_database_win.cc(469)] failed to stat report
[0614/140454.005:ERROR:crash_report_database_win.cc(469)] failed to stat report
[0614/140454.005:ERROR:crash_report_database_win.cc(469)] failed to stat report
[0614/140454.006:ERROR:crash_report_database_win.cc(469)] failed to stat report
[0614/140454.006:ERROR:crash_report_database_win.cc(469)] failed to stat report
[0614/221155.228:ERROR:crash_report_database_win.cc(469)] failed to stat report
[0614/221155.228:ERROR:crash_report_database_win.cc(469)] failed to stat report
[0614/221155.228:ERROR:crash_report_database_win.cc(469)] failed to stat report
[0614/221155.228:ERROR:crash_report_database_win.cc(469)] failed to stat report
[0614/221155.229:ERROR:crash_report_database_win.cc(469)] failed to stat report
[0614/225559.043:ERROR:crash_report_database_win.cc(469)] failed to stat report
[0614/225559.049:ERROR:crash_report_database_win.cc(469)] failed to stat report
[0614/225559.049:ERROR:crash_report_database_win.cc(469)] failed to stat report
[0614/225559.049:ERROR:crash_report_database_win.cc(469)] failed to stat report
[0614/225559.049:ERROR:crash_report_database_win.cc(469)] failed to stat report
[0615/183137.708:ERROR:crash_report_database_win.cc(469)] failed to stat report
[0615/183137.708:ERROR:crash_report_database_win.cc(469)] failed to stat report
[0615/183137.708:ERROR:crash_report_database_win.cc(469)] failed to stat report
[0615/183137.708:ERROR:crash_report_database_win.cc(469)] failed to stat report
[0615/183137.708:ERROR:crash_report_database_win.cc(469)] failed to stat report
[0617/101344.786:ERROR:crash_report_database_win.cc(469)] failed to stat report
[0617/101344.822:ERROR:crash_report_database_win.cc(469)] failed to stat report
[0617/101344.822:ERROR:crash_report_database_win.cc(469)] failed to stat report
[0617/101344.822:ERROR:crash_report_database_win.cc(469)] failed to stat report
[0617/101344.822:ERROR:crash_report_database_win.cc(469)] failed to stat report
[0617/102435.655:ERROR:crash_report_database_win.cc(469)] failed to stat report
[0617/102435.655:ERROR:crash_report_database_win.cc(469)] failed to stat report
[0617/102435.655:ERROR:crash_report_database_win.cc(469)] failed to stat report
[0617/102435.655:ERROR:crash_report_database_win.cc(469)] failed to stat report
[0617/102435.655:ERROR:crash_report_database_win.cc(469)] failed to stat report
[0617/104647.812:ERROR:crash_report_database_win.cc(469)] failed to stat report
[0617/104647.876:ERROR:crash_report_database_win.cc(469)] failed to stat report
[0617/104647.876:ERROR:crash_report_database_win.cc(469)] failed to stat report
[0617/104647.876:ERROR:crash_report_database_win.cc(469)] failed to stat report
[0617/104647.876:ERROR:crash_report_database_win.cc(469)] failed to stat report
[0617/111016.073:ERROR:crash_report_database_win.cc(469)] failed to stat report
[0617/111016.074:ERROR:crash_report_database_win.cc(469)] failed to stat report
[0617/111016.074:ERROR:crash_report_database_win.cc(469)] failed to stat report
[0617/111016.074:ERROR:crash_report_database_win.cc(469)] failed to stat report
[0617/111016.075:ERROR:crash_report_database_win.cc(469)] failed to stat report
[0629/160534.483:ERROR:crash_report_database_win.cc(469)] failed to stat report
[0629/160534.511:ERROR:crash_report_database_win.cc(469)] failed to stat report
[0629/160534.511:ERROR:crash_report_database_win.cc(469)] failed to stat report
[0629/160534.511:ERROR:crash_report_database_win.cc(469)] failed to stat report
[0629/160534.511:ERROR:crash_report_database_win.cc(469)] failed to stat report
[0629/161534.484:ERROR:crash_report_database_win.cc(469)] failed to stat report
[0629/161534.484:ERROR:crash_report_database_win.cc(469)] failed to stat report
[0629/161534.484:ERROR:crash_report_database_win.cc(469)] failed to stat report
[0629/161534.484:ERROR:crash_report_database_win.cc(469)] failed to stat report
[0629/161534.485:ERROR:crash_report_database_win.cc(469)] failed to stat report
[0629/161534.485:ERROR:crash_report_database_win.cc(469)] failed to stat report
[0629/161534.485:ERROR:crash_report_database_win.cc(469)] failed to stat report
[0629/161534.485:ERROR:crash_report_database_win.cc(469)] failed to stat report
[0629/161534.485:ERROR:crash_report_database_win.cc(469)] failed to stat report
[0629/161534.485:ERROR:crash_report_database_win.cc(469)] failed to stat report
[0629/162034.511:ERROR:crash_report_database_win.cc(469)] failed to stat report
[0629/162034.511:ERROR:crash_report_database_win.cc(469)] failed to stat report
[0629/162034.511:ERROR:crash_report_database_win.cc(469)] failed to stat report
[0629/162034.511:ERROR:crash_report_database_win.cc(469)] failed to stat report
[0629/162034.511:ERROR:crash_report_database_win.cc(469)] failed to stat report
[0629/163534.511:ERROR:crash_report_database_win.cc(469)] failed to stat report
[0629/163534.511:ERROR:crash_report_database_win.cc(469)] failed to stat report
[0629/163534.511:ERROR:crash_report_database_win.cc(469)] failed to stat report
[0629/163534.511:ERROR:crash_report_database_win.cc(469)] failed to stat report
[0629/163534.511:ERROR:crash_report_database_win.cc(469)] failed to stat report
[0701/235437.885:ERROR:crash_report_database_win.cc(469)] failed to stat report
[0701/235437.927:ERROR:crash_report_database_win.cc(469)] failed to stat report
[0701/235437.927:ERROR:crash_report_database_win.cc(469)] failed to stat report
[0701/235437.927:ERROR:crash_report_database_win.cc(469)] failed to stat report
[0701/235437.927:ERROR:crash_report_database_win.cc(469)] failed to stat report
[0705/235837.972:ERROR:crash_report_database_win.cc(469)] failed to stat report
[0705/235838.009:ERROR:crash_report_database_win.cc(469)] failed to stat report
[0705/235838.009:ERROR:crash_report_database_win.cc(469)] failed to stat report
[0705/235838.009:ERROR:crash_report_database_win.cc(469)] failed to stat report
[0705/235838.009:ERROR:crash_report_database_win.cc(469)] failed to stat report
[0706/000837.971:ERROR:crash_report_database_win.cc(469)] failed to stat report
[0706/000837.971:ERROR:crash_report_database_win.cc(469)] failed to stat report
[0706/000837.971:ERROR:crash_report_database_win.cc(469)] failed to stat report
[0706/000837.971:ERROR:crash_report_database_win.cc(469)] failed to stat report
[0706/000837.971:ERROR:crash_report_database_win.cc(469)] failed to stat report
[0706/000837.971:ERROR:crash_report_database_win.cc(469)] failed to stat report
[0706/000837.971:ERROR:crash_report_database_win.cc(469)] failed to stat report
[0706/000837.972:ERROR:crash_report_database_win.cc(469)] failed to stat report
[0706/000837.972:ERROR:crash_report_database_win.cc(469)] failed to stat report
[0706/000837.972:ERROR:crash_report_database_win.cc(469)] failed to stat report
[0706/001338.009:ERROR:crash_report_database_win.cc(469)] failed to stat report
[0706/001338.009:ERROR:crash_report_database_win.cc(469)] failed to stat report
[0706/001338.009:ERROR:crash_report_database_win.cc(469)] failed to stat report
[0706/001338.009:ERROR:crash_report_database_win.cc(469)] failed to stat report
[0706/001338.009:ERROR:crash_report_database_win.cc(469)] failed to stat report
[0706/002838.010:ERROR:crash_report_database_win.cc(469)] failed to stat report
[0706/002838.011:ERROR:crash_report_database_win.cc(469)] failed to stat report
[0706/002838.011:ERROR:crash_report_database_win.cc(469)] failed to stat report
[0706/002838.011:ERROR:crash_report_database_win.cc(469)] failed to stat report
[0706/002838.011:ERROR:crash_report_database_win.cc(469)] failed to stat report
[0706/004332.199:ERROR:crash_report_database_win.cc(469)] failed to stat report
[0706/004332.200:ERROR:crash_report_database_win.cc(469)] failed to stat report
[0706/004332.200:ERROR:crash_report_database_win.cc(469)] failed to stat report
[0706/004332.200:ERROR:crash_report_database_win.cc(469)] failed to stat report
[0706/004332.200:ERROR:crash_report_database_win.cc(469)] failed to stat report
[0706/004338.030:ERROR:crash_report_database_win.cc(469)] failed to stat report
[0706/004338.030:ERROR:crash_report_database_win.cc(469)] failed to stat report
[0706/004338.030:ERROR:crash_report_database_win.cc(469)] failed to stat report
[0706/004338.030:ERROR:crash_report_database_win.cc(469)] failed to stat report
[0706/004338.030:ERROR:crash_report_database_win.cc(469)] failed to stat report
[0706/005838.031:ERROR:crash_report_database_win.cc(469)] failed to stat report
[0706/005838.031:ERROR:crash_report_database_win.cc(469)] failed to stat report
[0706/005838.031:ERROR:crash_report_database_win.cc(469)] failed to stat report
[0706/005838.031:ERROR:crash_report_database_win.cc(469)] failed to stat report
[0706/005838.031:ERROR:crash_report_database_win.cc(469)] failed to stat report
[0706/011338.072:ERROR:crash_report_database_win.cc(469)] failed to stat report
[0706/011338.072:ERROR:crash_report_database_win.cc(469)] failed to stat report
[0706/011338.072:ERROR:crash_report_database_win.cc(469)] failed to stat report
[0706/011338.072:ERROR:crash_report_database_win.cc(469)] failed to stat report
[0706/011338.072:ERROR:crash_report_database_win.cc(469)] failed to stat report
[0706/012324.818:ERROR:crash_report_database_win.cc(469)] failed to stat report
[0706/012324.818:ERROR:crash_report_database_win.cc(469)] failed to stat report
[0706/012324.819:ERROR:crash_report_database_win.cc(469)] failed to stat report
[0706/012324.819:ERROR:crash_report_database_win.cc(469)] failed to stat report
[0706/012324.819:ERROR:crash_report_database_win.cc(469)] failed to stat report
[0706/012838.088:ERROR:crash_report_database_win.cc(469)] failed to stat report
[0706/012838.088:ERROR:crash_report_database_win.cc(469)] failed to stat report
[0706/012838.088:ERROR:crash_report_database_win.cc(469)] failed to stat report
[0706/012838.088:ERROR:crash_report_database_win.cc(469)] failed to stat report
[0706/012838.088:ERROR:crash_report_database_win.cc(469)] failed to stat report
[0706/014338.090:ERROR:crash_report_database_win.cc(469)] failed to stat report
[0706/014338.090:ERROR:crash_report_database_win.cc(469)] failed to stat report
[0706/014338.090:ERROR:crash_report_database_win.cc(469)] failed to stat report
[0706/014338.091:ERROR:crash_report_database_win.cc(469)] failed to stat report
[0706/014338.091:ERROR:crash_report_database_win.cc(469)] failed to stat report
[0706/015836.117:ERROR:crash_report_database_win.cc(469)] failed to stat report
[0706/015836.117:ERROR:crash_report_database_win.cc(469)] failed to stat report
[0706/015836.118:ERROR:crash_report_database_win.cc(469)] failed to stat report
[0706/015836.118:ERROR:crash_report_database_win.cc(469)] failed to stat report
[0706/015836.118:ERROR:crash_report_database_win.cc(469)] failed to stat report
[0706/015838.092:ERROR:crash_report_database_win.cc(469)] failed to stat report
[0706/015838.092:ERROR:crash_report_database_win.cc(469)] failed to stat report
[0706/015838.092:ERROR:crash_report_database_win.cc(469)] failed to stat report
[0706/015838.092:ERROR:crash_report_database_win.cc(469)] failed to stat report
[0706/015838.092:ERROR:crash_report_database_win.cc(469)] failed to stat report
[0706/021338.093:ERROR:crash_report_database_win.cc(469)] failed to stat report
[0706/021338.093:ERROR:crash_report_database_win.cc(469)] failed to stat report
[0706/021338.093:ERROR:crash_report_database_win.cc(469)] failed to stat report
[0706/021338.093:ERROR:crash_report_database_win.cc(469)] failed to stat report
[0706/021338.093:ERROR:crash_report_database_win.cc(469)] failed to stat report
[0706/022838.093:ERROR:crash_report_database_win.cc(469)] failed to stat report
[0706/022838.093:ERROR:crash_report_database_win.cc(469)] failed to stat report
[0706/022838.093:ERROR:crash_report_database_win.cc(469)] failed to stat report
[0706/022838.093:ERROR:crash_report_database_win.cc(469)] failed to stat report
[0706/022838.093:ERROR:crash_report_database_win.cc(469)] failed to stat report
[0706/024338.095:ERROR:crash_report_database_win.cc(469)] failed to stat report
[0706/024338.095:ERROR:crash_report_database_win.cc(469)] failed to stat report
[0706/024338.095:ERROR:crash_report_database_win.cc(469)] failed to stat report
[0706/024338.095:ERROR:crash_report_database_win.cc(469)] failed to stat report
[0706/024338.095:ERROR:crash_report_database_win.cc(469)] failed to stat report
[0706/025838.095:ERROR:crash_report_database_win.cc(469)] failed to stat report
[0706/025838.095:ERROR:crash_report_database_win.cc(469)] failed to stat report
[0706/025838.095:ERROR:crash_report_database_win.cc(469)] failed to stat report
[0706/025838.095:ERROR:crash_report_database_win.cc(469)] failed to stat report
[0706/025838.095:ERROR:crash_report_database_win.cc(469)] failed to stat report
[0706/031338.096:ERROR:crash_report_database_win.cc(469)] failed to stat report
[0706/031338.096:ERROR:crash_report_database_win.cc(469)] failed to stat report
[0706/031338.096:ERROR:crash_report_database_win.cc(469)] failed to stat report
[0706/031338.096:ERROR:crash_report_database_win.cc(469)] failed to stat report
[0706/031338.096:ERROR:crash_report_database_win.cc(469)] failed to stat report
[0706/032838.097:ERROR:crash_report_database_win.cc(469)] failed to stat report
[0706/032838.097:ERROR:crash_report_database_win.cc(469)] failed to stat report
[0706/032838.097:ERROR:crash_report_database_win.cc(469)] failed to stat report
[0706/032838.097:ERROR:crash_report_database_win.cc(469)] failed to stat report
[0706/032838.097:ERROR:crash_report_database_win.cc(469)] failed to stat report
[0706/034338.098:ERROR:crash_report_database_win.cc(469)] failed to stat report
[0706/034338.098:ERROR:crash_report_database_win.cc(469)] failed to stat report
[0706/034338.098:ERROR:crash_report_database_win.cc(469)] failed to stat report
[0706/034338.098:ERROR:crash_report_database_win.cc(469)] failed to stat report
[0706/034338.098:ERROR:crash_report_database_win.cc(469)] failed to stat report
>>>>>>> Stashed changes
[0713/170219.849:ERROR:crash_report_database_win.cc(469)] failed to stat report
[0713/170219.850:ERROR:crash_report_database_win.cc(469)] failed to stat report
[0713/170219.850:ERROR:crash_report_database_win.cc(469)] failed to stat report
[0713/170219.850:ERROR:crash_report_database_win.cc(469)] failed to stat report
[0713/170219.850:ERROR:crash_report_database_win.cc(469)] failed to stat report
[0713/171219.849:ERROR:crash_report_database_win.cc(469)] failed to stat report
[0713/171219.849:ERROR:crash_report_database_win.cc(469)] failed to stat report
[0713/171219.849:ERROR:crash_report_database_win.cc(469)] failed to stat report
[0713/171219.849:ERROR:crash_report_database_win.cc(469)] failed to stat report
[0713/171219.849:ERROR:crash_report_database_win.cc(469)] failed to stat report
[0713/171219.850:ERROR:crash_report_database_win.cc(469)] failed to stat report
[0713/171219.850:ERROR:crash_report_database_win.cc(469)] failed to stat report
[0713/171219.850:ERROR:crash_report_database_win.cc(469)] failed to stat report
[0713/171219.850:ERROR:crash_report_database_win.cc(469)] failed to stat report
[0713/171219.850:ERROR:crash_report_database_win.cc(469)] failed to stat report
[0713/171719.864:ERROR:crash_report_database_win.cc(469)] failed to stat report
[0713/171719.869:ERROR:crash_report_database_win.cc(469)] failed to stat report
[0713/171719.869:ERROR:crash_report_database_win.cc(469)] failed to stat report
[0713/171719.869:ERROR:crash_report_database_win.cc(469)] failed to stat report
[0713/171719.869:ERROR:crash_report_database_win.cc(469)] failed to stat report
[0713/210501.341:ERROR:crash_report_database_win.cc(469)] failed to stat report
[0713/210501.341:ERROR:crash_report_database_win.cc(469)] failed to stat report
[0713/210501.341:ERROR:crash_report_database_win.cc(469)] failed to stat report
[0713/210501.341:ERROR:crash_report_database_win.cc(469)] failed to stat report
[0713/210501.342:ERROR:crash_report_database_win.cc(469)] failed to stat report
[0713/210944.078:ERROR:crash_report_database_win.cc(469)] failed to stat report
[0713/210944.078:ERROR:crash_report_database_win.cc(469)] failed to stat report
[0713/210944.078:ERROR:crash_report_database_win.cc(469)] failed to stat report
[0713/210944.078:ERROR:crash_report_database_win.cc(469)] failed to stat report
[0713/210944.078:ERROR:crash_report_database_win.cc(469)] failed to stat report
[0713/214536.482:ERROR:crash_report_database_win.cc(469)] failed to stat report
[0713/214536.482:ERROR:crash_report_database_win.cc(469)] failed to stat report
[0713/214536.482:ERROR:crash_report_database_win.cc(469)] failed to stat report
[0713/214536.482:ERROR:crash_report_database_win.cc(469)] failed to stat report
[0713/214536.482:ERROR:crash_report_database_win.cc(469)] failed to stat report
[0903/204628.092:ERROR:settings.cc(320)] Settings magic is not 1129342067
